<?xml version="1.0" encoding="UTF-8"?>
<!-- Generated by org.testng.reporters.JUnitReportReporter -->
<testsuite hostname="LENOVO" failures="0" tests="2" name="orangehrm.ActitimeLogin" time="0.768" errors="0" timestamp="2022-03-31T11:42:39 IST" skipped="0">
  <testcase classname="orangehrm.ActitimeLogin" name="TC_1" time="0.263"/>
  <testcase classname="orangehrm.ActitimeLogin" name="TC_1" time="0.505"/>
</testsuite> <!-- orangehrm.ActitimeLogin -->
